<?xml version="1.0" encoding="UTF-8"?>
<!-- Generated by org.testng.reporters.JUnitReportReporter -->
<testsuite hostname="sopansa-w7" name="com.cybage.alm.test.TestSuite" tests="8" failures="0" timestamp="6 Jun 2016 09:01:08 GMT" time="79.376" errors="0">
  <testcase name="loginTest" time="10.329" classname="com.cybage.alm.test.TestSuite"/>
  <testcase name="loginTest" time="10.195" classname="com.cybage.alm.test.TestSuite"/>
  <testcase name="loginTest" time="9.170" classname="com.cybage.alm.test.TestSuite"/>
  <testcase name="loginTest" time="10.413" classname="com.cybage.alm.test.TestSuite"/>
  <testcase name="loginTest" time="9.881" classname="com.cybage.alm.test.TestSuite"/>
  <testcase name="loginTest" time="9.596" classname="com.cybage.alm.test.TestSuite"/>
  <testcase name="loginTest" time="10.573" classname="com.cybage.alm.test.TestSuite"/>
  <testcase name="loginTest" time="9.219" classname="com.cybage.alm.test.TestSuite"/>
</testsuite> <!-- com.cybage.alm.test.TestSuite -->
