<?xml version="1.0" encoding="UTF-8"?>
<!-- Generated by org.testng.reporters.JUnitReportReporter -->
<testsuite hostname="sopansa-w7" name="com.cybage.alm.test.TestSuite" tests="4" failures="0" timestamp="7 Jun 2016 11:38:33 GMT" time="45.345" errors="0">
  <testcase name="registerTest" time="11.164" classname="com.cybage.alm.test.TestSuite"/>
  <testcase name="registerTest" time="12.125" classname="com.cybage.alm.test.TestSuite"/>
  <testcase name="registerTest" time="10.996" classname="com.cybage.alm.test.TestSuite"/>
  <testcase name="registerTest" time="11.060" classname="com.cybage.alm.test.TestSuite"/>
</testsuite> <!-- com.cybage.alm.test.TestSuite -->
