<?xml version="1.0" encoding="UTF-8"?>
<!-- Generated by org.testng.reporters.JUnitReportReporter -->
<testsuite hostname="sopansa-w7" name="com.cybage.alm.test.TestSuite" tests="8" failures="0" timestamp="2 Jun 2016 12:35:05 GMT" time="78.731" errors="0">
  <testcase name="loginTest" time="9.577" classname="com.cybage.alm.test.TestSuite"/>
  <testcase name="loginTest" time="9.913" classname="com.cybage.alm.test.TestSuite"/>
  <testcase name="loginTest" time="9.399" classname="com.cybage.alm.test.TestSuite"/>
  <testcase name="loginTest" time="10.518" classname="com.cybage.alm.test.TestSuite"/>
  <testcase name="loginTest" time="9.423" classname="com.cybage.alm.test.TestSuite"/>
  <testcase name="loginTest" time="9.897" classname="com.cybage.alm.test.TestSuite"/>
  <testcase name="loginTest" time="9.661" classname="com.cybage.alm.test.TestSuite"/>
  <testcase name="loginTest" time="10.343" classname="com.cybage.alm.test.TestSuite"/>
</testsuite> <!-- com.cybage.alm.test.TestSuite -->
