<?xml version="1.0" encoding="UTF-8"?>
<!-- Generated by org.testng.reporters.JUnitReportReporter -->
<testsuite hostname="sopansa-w7" name="com.cybage.alm.test.TestSuite" tests="8" failures="0" timestamp="9 Jun 2016 08:19:01 GMT" time="0.003" errors="0">
  <testcase name="loginTest2" time="0.000" classname="com.cybage.alm.test.TestSuite"/>
  <testcase name="loginTest2" time="0.000" classname="com.cybage.alm.test.TestSuite"/>
  <testcase name="loginTest2" time="0.003" classname="com.cybage.alm.test.TestSuite"/>
  <testcase name="loginTest2" time="0.000" classname="com.cybage.alm.test.TestSuite"/>
  <testcase name="loginTest2" time="0.000" classname="com.cybage.alm.test.TestSuite"/>
  <testcase name="loginTest2" time="0.000" classname="com.cybage.alm.test.TestSuite"/>
  <testcase name="loginTest2" time="0.000" classname="com.cybage.alm.test.TestSuite"/>
  <testcase name="loginTest2" time="0.000" classname="com.cybage.alm.test.TestSuite"/>
</testsuite> <!-- com.cybage.alm.test.TestSuite -->
